Start testing: Jan 17 23:54 GMT
----------------------------------------------------------
1/2 Testing: TestRigidBody
1/2 Test: TestRigidBody
Command: "/home/s5722414/Documents/RigidBodyDynamics/cmake-build-debug/test_rigidbody"
Directory: /home/s5722414/Documents/RigidBodyDynamics/cmake-build-debug
"TestRigidBody" start time: Jan 17 23:54 GMT
Output:
----------------------------------------------------------
Running main() from /public/devel/24-25/vcpkg/buildtrees/gtest/src/v1.14.0-bcf93537a8.clean/googletest/src/gtest_main.cc
[==========] Running 1 test from 1 test suite.
[----------] Global test environment set-up.
[----------] 1 test from RigidBodyTest
[ RUN      ] RigidBodyTest.IntegrationTest
[       OK ] RigidBodyTest.IntegrationTest (0 ms)
[----------] 1 test from RigidBodyTest (0 ms total)

[----------] Global test environment tear-down
[==========] 1 test from 1 test suite ran. (0 ms total)
[  PASSED  ] 1 test.
<end of output>
Test time =   0.01 sec
----------------------------------------------------------
Test Passed.
"TestRigidBody" end time: Jan 17 23:54 GMT
"TestRigidBody" time elapsed: 00:00:00
----------------------------------------------------------

2/2 Testing: TestWorld
2/2 Test: TestWorld
Command: "/home/s5722414/Documents/RigidBodyDynamics/cmake-build-debug/test_world"
Directory: /home/s5722414/Documents/RigidBodyDynamics/cmake-build-debug
"TestWorld" start time: Jan 17 23:54 GMT
Output:
----------------------------------------------------------
Running main() from /public/devel/24-25/vcpkg/buildtrees/gtest/src/v1.14.0-bcf93537a8.clean/googletest/src/gtest_main.cc
[==========] Running 1 test from 1 test suite.
[----------] Global test environment set-up.
[----------] 1 test from WorldTest
[ RUN      ] WorldTest.AddRigidBody
[       OK ] WorldTest.AddRigidBody (0 ms)
[----------] 1 test from WorldTest (0 ms total)

[----------] Global test environment tear-down
[==========] 1 test from 1 test suite ran. (0 ms total)
[  PASSED  ] 1 test.
<end of output>
Test time =   0.00 sec
----------------------------------------------------------
Test Passed.
"TestWorld" end time: Jan 17 23:54 GMT
"TestWorld" time elapsed: 00:00:00
----------------------------------------------------------

End testing: Jan 17 23:54 GMT
